
[93mACE v2.3 [0m

  [94minstance[0m
    name:generateur

  Loading variables...

  Loading constraints...

  [94mdomains[0m
    types:3  values:120  sizes:[2:16,4:4,9:8]
  [94mvariables[0m
    count:28  arrays:3  degrees:[10:16,24:8,32:4]
  [94mconstraints[0m
    count:179  converted:128  specific:51  groups:1  arities:[1:40,3:128,4:8,8:3]
    distribution:[Exactly1:2,ExactlyK:1,Extension1:40,ExtensionV-Matrix3D:128,SumSimpleEQ:8]
    extStructures:(28,shared:100)
    wck:0.44  cpu:1.069  mem:33M112

  Building solver... 

  [94msolver[0m
    guaranteedAC:true
    wck:0.50  cpu:1.091  mem:35M741

  [94mpreprocessing[0m
    effs:40  revisions:(640,useless=640)  values:80  removedByAC:40  unsat:false
    wck:0.019  cpu:1.096  mem:35M741

    run1  dpts:4..10  effs:104  fails:10  wrgs:19  wck:0.00  ngds:6
    run2  dpts:2..5  effs:212  fails:21  wrgs:35  wck:0.06  ngds:11
    run3  dpts:0..6  effs:285  fails:33  wrgs:54  wck:0.08  ngds:17
    run4  dpts:3..6  effs:366  fails:46  wrgs:76  wck:0.08  ngds:21
    run5  dpts:4..8  effs:447  fails:60  wrgs:94  wck:0.09  ngds:24
    run6  dpts:1..7  effs:598  fails:76  wrgs:127  wck:0.09  ngds:26
    run7  dpts:4..10  effs:749  fails:93  wrgs:162  wck:0.10  ngds:28
    run8  dpts:4..8  effs:856  fails:112  wrgs:188  wck:0.12  ngds:31
    run9  dpts:0..5  effs:1035  fails:133  wrgs:218  wck:0.13  ngds:35
    run10  dpts:1..9  effs:1236  fails:156  wrgs:256  wck:0.14  ngds:41
    run11  dpts:0..5  effs:1526  fails:181  wrgs:295  wck:0.17  ngds:44
    run12  dpts:0..5  effs:1715  fails:209  wrgs:331  wck:0.17  ngds:46
    run13  dpts:0..4  effs:1813  fails:217  wrgs:346  wck:0.19  ngds:46

  [94mglobal[0m
    effs:1813  revisions:(43120,useless=42087)  ngds:46
    stop:FULL_EXPLORATION  wrgs:346
    wck:0.70  cpu:1.167  mem:36M370

[92ms UNSATISFIABLE[0m
[92m
d WRONG DECISIONS[0m 346
[92md FOUND SOLUTIONS[0m 0
[92md COMPLETE EXPLORATION[0m

c real time : 1.17
