
[93mACE v2.3 [0m

  [94minstance[0m
    name:generateur

  Loading variables...

  Loading constraints...

  [94mdomains[0m
    types:3  values:120  sizes:[2:16,4:4,9:8]
  [94mvariables[0m
    count:28  arrays:3  degrees:[10:16,24:8,32:4]
  [94mconstraints[0m
    count:179  converted:128  specific:51  groups:2  arities:[1:40,3:128,4:8,8:3]
    distribution:[Exactly1:2,ExactlyK:1,Extension1:40,ExtensionV-Matrix3D:128,SumSimpleEQ:8]
    extStructures:(28,shared:100)
    wck:0.48  cpu:1.155  mem:33M26

  Building solver... 

  [94msolver[0m
    guaranteedAC:true
    wck:0.51  cpu:1.173  mem:35M655

  [94mpreprocessing[0m
    effs:40  revisions:(640,useless=640)  values:80  removedByAC:40  unsat:false
    wck:0.008  cpu:1.182  mem:35M655

    run1  dpts:4..6  effs:81  fails:10  wrgs:16  wck:0.00  ngds:3
    run2  dpts:4..6  effs:125  fails:21  wrgs:33  wck:0.02  ngds:7
    run3  dpts:4..9  effs:198  fails:33  wrgs:56  wck:0.03  ngds:13
    run4  dpts:4..7  effs:275  fails:46  wrgs:72  wck:0.03  ngds:16
    run5  dpts:4..9  effs:369  fails:60  wrgs:100  wck:0.03  ngds:23
    run6  dpts:3..7  effs:460  fails:76  wrgs:122  wck:0.04  ngds:25
    run7  dpts:5..7  effs:571  fails:93  wrgs:144  wck:0.04  ngds:30
    run8  dpts:1..8  effs:751  fails:112  wrgs:177  wck:0.04  ngds:34
    run9  dpts:2..7  effs:923  fails:133  wrgs:208  wck:0.05  ngds:39
    run10  dpts:1..5  effs:1065  fails:156  wrgs:240  wck:0.05  ngds:42
    run11  dpts:4..27  effs:1104  fails:158  wrgs:243  wck:0.06  ngds:44  sols:1

  [94mglobal[0m
    effs:1104  revisions:(28378,useless=27789)  ngds:44
    stop:REACHED_GOAL  wrgs:243  sols:1  sol1Cpu:1.234
    wck:0.57  cpu:1.235  mem:36M285


  Solution 1 in JSON format:
   {
    cases_visibles: [-1, -1, -1, 2, 4, 3, -1, 3],
    x: [
     [0, 1, 0, 0],
     [1, 0, 0, 0],
     [0, 0, 1, 0],
     [0, 0, 0, 1]
    ],
    r: [0, 0, 0, 0]
   }

[92ms SATISFIABLE[0m
[92m
v[0m <instantiation id='sol1' type='solution'> <list> cases_visibles[] x[][] r[] </list> <values> -1x3 2 4 3 -1 3   0 1 0 0 1 0x5 1 0x4 1   0x4 </values> </instantiation>
[92m
d WRONG DECISIONS[0m 243
[92md FOUND SOLUTIONS[0m 1
[91md INCOMPLETE EXPLORATION[0m

c real time : 1.244
