
[93mACE v2.3 [0m

  [94minstance[0m
    name:generateur

  Loading variables...

  Loading constraints...

  [94mdomains[0m
    types:3  values:120  sizes:[2:16,4:4,9:8]
  [94mvariables[0m
    count:28  arrays:3  degrees:[10:16,24:8,32:4]
  [94mconstraints[0m
    count:172  converted:128  specific:44  groups:1  arities:[1:32,3:128,4:8,8:4]
    distribution:[Exactly1:4,Extension1:32,ExtensionV-Matrix3D:128,SumSimpleEQ:8]
    extStructures:(28,shared:100)
    wck:0.96  cpu:1.224  mem:32M291

  Building solver... 

  [94msolver[0m
    guaranteedAC:true
    wck:1.02  cpu:1.241  mem:35M550

  [94mpreprocessing[0m
    effs:32  revisions:(640,useless=640)  values:88  removedByAC:32  unsat:false
    wck:0.014  cpu:1.247  mem:35M550

    run1  dpts:4..6  effs:88  fails:10  wrgs:18  wck:0.00  ngds:3
    run2  dpts:4..6  effs:151  fails:21  wrgs:38  wck:0.04  ngds:7
    run3  dpts:4..6  effs:232  fails:33  wrgs:62  wck:0.05  ngds:10
    run4  dpts:4..6  effs:319  fails:46  wrgs:88  wck:0.06  ngds:14
    run5  dpts:4..10  effs:416  fails:60  wrgs:109  wck:0.07  ngds:16
    run6  dpts:3..6  effs:553  fails:76  wrgs:131  wck:0.07  ngds:22
    run7  dpts:5..12  effs:697  fails:93  wrgs:167  wck:0.08  ngds:28
    run8  dpts:0..8  effs:814  fails:112  wrgs:195  wck:0.10  ngds:32
    run9  dpts:0..9  effs:991  fails:133  wrgs:229  wck:0.10  ngds:35
    run10  dpts:5..10  effs:1158  fails:156  wrgs:273  wck:0.11  ngds:42
    run11  dpts:1..8  effs:1388  fails:181  wrgs:310  wck:0.12  ngds:47
    run12  dpts:3..8  effs:1585  fails:209  wrgs:356  wck:0.12  ngds:52
    run13  dpts:2..8  effs:2006  fails:240  wrgs:412  wck:0.13  ngds:56
    run14  dpts:1..7  effs:2338  fails:274  wrgs:468  wck:0.15  ngds:60
    run15  dpts:1..9  effs:2852  fails:311  wrgs:537  wck:0.15  ngds:64
    run16  dpts:2..7  effs:3144  fails:352  wrgs:597  wck:0.17  ngds:69
    run17  dpts:1..8  effs:3746  fails:397  wrgs:669  wck:0.18  ngds:74
    run18  dpts:0..9  effs:4295  fails:447  wrgs:748  wck:0.20  ngds:78
    run19  dpts:0..8  effs:4893  fails:487  wrgs:818  wck:0.22  ngds:78

  [94mglobal[0m
    effs:4893  revisions:(113664,useless=111089)  ngds:78
    stop:FULL_EXPLORATION  wrgs:818
    wck:1.25  cpu:1.358  mem:36M179

[92ms UNSATISFIABLE[0m
[92m
d WRONG DECISIONS[0m 818
[92md FOUND SOLUTIONS[0m 0
[92md COMPLETE EXPLORATION[0m

c real time : 1.361
