
[93mACE v2.3 [0m

  [94minstance[0m
    name:generateur

  Loading variables...

  Loading constraints...

  [94mdomains[0m
    types:3  values:120  sizes:[2:16,4:4,9:8]
  [94mvariables[0m
    count:28  arrays:3  degrees:[10:16,24:8,32:4]
  [94mconstraints[0m
    count:172  converted:128  specific:44  groups:1  arities:[1:32,3:128,4:8,8:4]
    distribution:[Exactly1:4,Extension1:32,ExtensionV-Matrix3D:128,SumSimpleEQ:8]
    extStructures:(28,shared:100)
    wck:1.26  cpu:1.34  mem:32M271

  Building solver... 

  [94msolver[0m
    guaranteedAC:true
    wck:1.31  cpu:1.36  mem:35M446

  [94mpreprocessing[0m
    effs:32  revisions:(640,useless=640)  values:88  removedByAC:32  unsat:false
    wck:0.015  cpu:1.366  mem:35M446

    run1  dpts:4..6  effs:88  fails:10  wrgs:18  wck:0.00  ngds:3
    run2  dpts:4..6  effs:151  fails:21  wrgs:38  wck:0.04  ngds:7
    run3  dpts:4..6  effs:232  fails:33  wrgs:62  wck:0.05  ngds:10
    run4  dpts:4..6  effs:319  fails:46  wrgs:88  wck:0.05  ngds:14
    run5  dpts:4..10  effs:416  fails:60  wrgs:109  wck:0.05  ngds:16
    run6  dpts:3..8  effs:552  fails:76  wrgs:133  wck:0.06  ngds:18
    run7  dpts:1..7  effs:674  fails:93  wrgs:164  wck:0.06  ngds:19
    run8  dpts:1..7  effs:870  fails:112  wrgs:200  wck:0.06  ngds:23
    run9  dpts:5..9  effs:1021  fails:133  wrgs:238  wck:0.07  ngds:29
    run10  dpts:0..6  effs:1226  fails:156  wrgs:275  wck:0.07  ngds:30
    run11  dpts:4..9  effs:1415  fails:181  wrgs:319  wck:0.09  ngds:33
    run12  dpts:0..8  effs:1649  fails:209  wrgs:368  wck:0.10  ngds:33
    run13  dpts:3..11  effs:1895  fails:240  wrgs:429  wck:0.11  ngds:36
    run14  dpts:0..7  effs:2222  fails:270  wrgs:482  wck:0.12  ngds:36

  [94mglobal[0m
    effs:2222  revisions:(56751,useless=55675)  ngds:36
    stop:FULL_EXPLORATION  wrgs:482
    wck:1.45  cpu:1.433  mem:36M33

[92ms UNSATISFIABLE[0m
[92m
d WRONG DECISIONS[0m 482
[92md FOUND SOLUTIONS[0m 0
[92md COMPLETE EXPLORATION[0m

c real time : 1.435
