
[93mACE v2.3 [0m

  [94minstance[0m
    name:generateur

  Loading variables...

  Loading constraints...

  [94mdomains[0m
    types:3  values:120  sizes:[2:16,4:4,9:8]
  [94mvariables[0m
    count:28  arrays:3  degrees:[10:16,24:8,32:4]
  [94mconstraints[0m
    count:172  converted:128  specific:44  groups:1  arities:[1:32,3:128,4:8,8:4]
    distribution:[Exactly1:4,Extension1:32,ExtensionV-Matrix3D:128,SumSimpleEQ:8]
    extStructures:(28,shared:100)
    wck:0.89  cpu:1.257  mem:32M223

  Building solver... 

  [94msolver[0m
    guaranteedAC:true
    wck:0.92  cpu:1.281  mem:34M810

  [94mpreprocessing[0m
    effs:32  revisions:(640,useless=640)  values:88  removedByAC:32  unsat:false
    wck:0.005  cpu:1.287  mem:34M810

    run1  dpts:4..6  effs:88  fails:10  wrgs:18  wck:0.00  ngds:3
    run2  dpts:4..6  effs:151  fails:21  wrgs:38  wck:0.01  ngds:7
    run3  dpts:4..6  effs:232  fails:33  wrgs:62  wck:0.02  ngds:10
    run4  dpts:4..6  effs:319  fails:46  wrgs:88  wck:0.03  ngds:14
    run5  dpts:4..10  effs:416  fails:60  wrgs:109  wck:0.03  ngds:16
    run6  dpts:2..6  effs:516  fails:76  wrgs:131  wck:0.04  ngds:19
    run7  dpts:3..9  effs:677  fails:93  wrgs:167  wck:0.04  ngds:20
    run8  dpts:2..8  effs:809  fails:112  wrgs:195  wck:0.04  ngds:21
    run9  dpts:3..8  effs:985  fails:133  wrgs:229  wck:0.06  ngds:25
    run10  dpts:1..8  effs:1188  fails:156  wrgs:266  wck:0.06  ngds:32
    run11  dpts:3..27  effs:1323  fails:171  wrgs:288  wck:0.07  ngds:34  sols:1

  [94mglobal[0m
    effs:1323  revisions:(33201,useless=32577)  ngds:34
    stop:REACHED_GOAL  wrgs:288  sols:1  sol1Cpu:1.339
    wck:1.00  cpu:1.341  mem:35M243


  Solution 1 in JSON format:
   {
    cases_visibles: [-1, -1, -1, 0, 4, 3, -1, 7],
    x: [
     [0, 1, 0, 0],
     [0, 0, 0, 1],
     [0, 0, 1, 0],
     [1, 0, 0, 0]
    ],
    r: [0, 0, 0, 90]
   }

[92ms SATISFIABLE[0m
[92m
v[0m <instantiation id='sol1' type='solution'> <list> cases_visibles[] x[][] r[] </list> <values> -1x3 0 4 3 -1 7   0 1 0x5 1 0 0 1 0 1 0x3   0x3 90 </values> </instantiation>
[92m
d WRONG DECISIONS[0m 288
[92md FOUND SOLUTIONS[0m 1
[91md INCOMPLETE EXPLORATION[0m

c real time : 1.352
