
[93mACE v2.3 [0m

  [94minstance[0m
    name:generateur

  Loading variables...

  Loading constraints...

  [94mdomains[0m
    types:3  values:120  sizes:[2:16,4:4,9:8]
  [94mvariables[0m
    count:28  arrays:3  degrees:[10:16,24:8,32:4]
  [94mconstraints[0m
    count:179  converted:128  specific:51  groups:1  arities:[1:40,3:128,4:8,8:3]
    distribution:[Exactly1:2,ExactlyK:1,Extension1:40,ExtensionV-Matrix3D:128,SumSimpleEQ:8]
    extStructures:(28,shared:100)
    wck:0.93  cpu:1.111  mem:32M826

  Building solver... 

  [94msolver[0m
    guaranteedAC:true
    wck:1.00  cpu:1.137  mem:35M413

  [94mpreprocessing[0m
    effs:40  revisions:(640,useless=640)  values:80  removedByAC:40  unsat:false
    wck:0.024  cpu:1.145  mem:35M413

    run1  dpts:4..6  effs:81  fails:10  wrgs:16  wck:0.00  ngds:3
    run2  dpts:4..6  effs:125  fails:21  wrgs:33  wck:0.06  ngds:7
    run3  dpts:4..9  effs:198  fails:33  wrgs:56  wck:0.07  ngds:13
    run4  dpts:4..7  effs:271  fails:46  wrgs:73  wck:0.10  ngds:18
    run5  dpts:4..8  effs:371  fails:60  wrgs:92  wck:0.11  ngds:24
    run6  dpts:3..8  effs:462  fails:76  wrgs:112  wck:0.11  ngds:27
    run7  dpts:0..7  effs:566  fails:93  wrgs:140  wck:0.13  ngds:30
    run8  dpts:0..7  effs:687  fails:107  wrgs:168  wck:0.14  ngds:30

  [94mglobal[0m
    effs:687  revisions:(18397,useless=18067)  ngds:30
    stop:FULL_EXPLORATION  wrgs:168
    wck:1.15  cpu:1.191  mem:36M0

[92ms UNSATISFIABLE[0m
[92m
d WRONG DECISIONS[0m 168
[92md FOUND SOLUTIONS[0m 0
[92md COMPLETE EXPLORATION[0m

c real time : 1.194
