
[93mACE v2.3 [0m

  [94minstance[0m
    name:generateur

  Loading variables...

  Loading constraints...

  [94mdomains[0m
    types:3  values:120  sizes:[2:16,4:4,9:8]
  [94mvariables[0m
    count:28  arrays:3  degrees:[10:16,24:8,32:4]
  [94mconstraints[0m
    count:179  converted:128  specific:51  groups:1  arities:[1:40,3:128,4:8,8:3]
    distribution:[Exactly1:2,ExactlyK:1,Extension1:40,ExtensionV-Matrix3D:128,SumSimpleEQ:8]
    extStructures:(28,shared:100)
    wck:0.51  cpu:1.105  mem:33M64

  Building solver... 

  [94msolver[0m
    guaranteedAC:true
    wck:0.53  cpu:1.121  mem:35M694

  [94mpreprocessing[0m
    effs:40  revisions:(640,useless=640)  values:80  removedByAC:40  unsat:false
    wck:0.005  cpu:1.127  mem:35M694

    run1  dpts:4..10  effs:104  fails:10  wrgs:19  wck:0.00  ngds:6
    run2  dpts:2..5  effs:212  fails:21  wrgs:35  wck:0.02  ngds:7
    run3  dpts:4..8  effs:315  fails:33  wrgs:53  wck:0.02  ngds:9
    run4  dpts:2..6  effs:394  fails:46  wrgs:70  wck:0.03  ngds:11
    run5  dpts:2..27  effs:530  fails:57  wrgs:90  wck:0.03  ngds:15  sols:1

  [94mglobal[0m
    effs:530  revisions:(11912,useless=11617)  ngds:15
    stop:REACHED_GOAL  wrgs:90  sols:1  sol1Cpu:1.152
    wck:0.56  cpu:1.153  mem:35M694


  Solution 1 in JSON format:
   {
    cases_visibles: [1, -1, -1, 2, 1, -1, -1, 3],
    x: [
     [0, 1, 0, 0],
     [1, 0, 0, 0],
     [0, 0, 1, 0],
     [0, 0, 0, 1]
    ],
    r: [0, 180, 90, 0]
   }

[92ms SATISFIABLE[0m
[92m
v[0m <instantiation id='sol1' type='solution'> <list> cases_visibles[] x[][] r[] </list> <values> 1 -1 -1 2 1 -1 -1 3   0 1 0 0 1 0x5 1 0x4 1   0 180 90 0 </values> </instantiation>
[92m
d WRONG DECISIONS[0m 90
[92md FOUND SOLUTIONS[0m 1
[91md INCOMPLETE EXPLORATION[0m

c real time : 1.16
