
[93mACE v2.3 [0m

  [94minstance[0m
    name:generateur

  Loading variables...

  Loading constraints...

  [94mdomains[0m
    types:3  values:120  sizes:[2:16,4:4,9:8]
  [94mvariables[0m
    count:28  arrays:3  degrees:[10:16,24:8,32:4]
  [94mconstraints[0m
    count:179  converted:128  specific:51  groups:1  arities:[1:40,3:128,4:8,8:3]
    distribution:[Exactly1:2,ExactlyK:1,Extension1:40,ExtensionV-Matrix3D:128,SumSimpleEQ:8]
    extStructures:(28,shared:100)
    wck:0.64  cpu:1.19  mem:32M312

  Building solver... 

  [94msolver[0m
    guaranteedAC:true
    wck:0.70  cpu:1.216  mem:34M899

  [94mpreprocessing[0m
    effs:40  revisions:(640,useless=640)  values:80  removedByAC:40  unsat:false
    wck:0.008  cpu:1.224  mem:34M899

    run1  dpts:4..6  effs:73  fails:10  wrgs:12  wck:0.00  ngds:3
    run2  dpts:4..6  effs:109  fails:21  wrgs:25  wck:0.05  ngds:7
    run3  dpts:4..6  effs:146  fails:33  wrgs:39  wck:0.07  ngds:12
    run4  dpts:4..6  effs:192  fails:46  wrgs:56  wck:0.07  ngds:16
    run5  dpts:4..6  effs:244  fails:60  wrgs:74  wck:0.08  ngds:20
    run6  dpts:4..8  effs:342  fails:76  wrgs:98  wck:0.09  ngds:24
    run7  dpts:0..7  effs:448  fails:93  wrgs:119  wck:0.10  ngds:26
    run8  dpts:0..8  effs:596  fails:112  wrgs:151  wck:0.11  ngds:28
    run9  dpts:0..7  effs:754  fails:133  wrgs:183  wck:0.12  ngds:31
    run10  dpts:2..8  effs:974  fails:156  wrgs:216  wck:0.12  ngds:35
    run11  dpts:0..8  effs:1253  fails:181  wrgs:261  wck:0.14  ngds:38
    run12  dpts:2..9  effs:1475  fails:209  wrgs:300  wck:0.15  ngds:44
    run13  dpts:2..11  effs:1700  fails:240  wrgs:355  wck:0.17  ngds:48
    run14  dpts:1..9  effs:1996  fails:274  wrgs:409  wck:0.19  ngds:53
    run15  dpts:0..5  effs:2199  fails:297  wrgs:445  wck:0.20  ngds:53

  [94mglobal[0m
    effs:2199  revisions:(55528,useless=54303)  ngds:53
    stop:FULL_EXPLORATION  wrgs:445
    wck:0.91  cpu:1.306  mem:35M919

[92ms UNSATISFIABLE[0m
[92m
d WRONG DECISIONS[0m 445
[92md FOUND SOLUTIONS[0m 0
[92md COMPLETE EXPLORATION[0m

c real time : 1.309
