
[93mACE v2.3 [0m

  [94minstance[0m
    name:generateur

  Loading variables...

  Loading constraints...

  [94mdomains[0m
    types:3  values:120  sizes:[2:16,4:4,9:8]
  [94mvariables[0m
    count:28  arrays:3  degrees:[10:16,24:8,32:4]
  [94mconstraints[0m
    count:186  converted:128  specific:58  groups:2  arities:[1:48,3:128,4:8,8:2]
    distribution:[Exactly1:1,ExactlyK:1,Extension1:48,ExtensionV-Matrix3D:128,SumSimpleEQ:8]
    extStructures:(28,shared:100)
    wck:1.20  cpu:1.256  mem:32M961

  Building solver... 

  [94msolver[0m
    guaranteedAC:true
    wck:1.25  cpu:1.281  mem:35M590

  [94mpreprocessing[0m
    effs:48  revisions:(640,useless=640)  values:72  removedByAC:48  unsat:false
    wck:0.013  cpu:1.288  mem:35M590

    run1  dpts:4..10  effs:107  fails:10  wrgs:13  wck:0.00  ngds:4
    run2  dpts:0..5  effs:231  fails:21  wrgs:31  wck:0.04  ngds:5
    run3  dpts:0..5  effs:389  fails:33  wrgs:55  wck:0.07  ngds:6
    run4  dpts:0..4  effs:500  fails:41  wrgs:69  wck:0.09  ngds:6

  [94mglobal[0m
    effs:500  revisions:(9536,useless=9222)  ngds:6
    stop:FULL_EXPLORATION  wrgs:69
    wck:1.36  cpu:1.313  mem:36M219

[92ms UNSATISFIABLE[0m
[92m
d WRONG DECISIONS[0m 69
[92md FOUND SOLUTIONS[0m 0
[92md COMPLETE EXPLORATION[0m

c real time : 1.316
