
[93mACE v2.3 [0m

  [94minstance[0m
    name:generateur

  Loading variables...

  Loading constraints...

  [94mdomains[0m
    types:3  values:120  sizes:[2:16,4:4,9:8]
  [94mvariables[0m
    count:28  arrays:3  degrees:[10:16,24:8,32:4]
  [94mconstraints[0m
    count:179  converted:128  specific:51  groups:1  arities:[1:40,3:128,4:8,8:3]
    distribution:[Exactly1:2,ExactlyK:1,Extension1:40,ExtensionV-Matrix3D:128,SumSimpleEQ:8]
    extStructures:(28,shared:100)
    wck:0.51  cpu:1.119  mem:32M273

  Building solver... 

  [94msolver[0m
    guaranteedAC:true
    wck:0.54  cpu:1.144  mem:34M860

  [94mpreprocessing[0m
    effs:40  revisions:(640,useless=640)  values:80  removedByAC:40  unsat:false
    wck:0.006  cpu:1.15  mem:34M860

    run1  dpts:4..6  effs:73  fails:10  wrgs:12  wck:0.00  ngds:3
    run2  dpts:4..6  effs:109  fails:21  wrgs:25  wck:0.02  ngds:7
    run3  dpts:4..6  effs:146  fails:33  wrgs:39  wck:0.02  ngds:12
    run4  dpts:4..6  effs:192  fails:46  wrgs:56  wck:0.02  ngds:16
    run5  dpts:4..6  effs:244  fails:60  wrgs:74  wck:0.03  ngds:20
    run6  dpts:4..8  effs:342  fails:76  wrgs:98  wck:0.03  ngds:24
    run7  dpts:0..5  effs:444  fails:93  wrgs:119  wck:0.04  ngds:29
    run8  dpts:1..7  effs:580  fails:112  wrgs:151  wck:0.04  ngds:30
    run9  dpts:4..11  effs:723  fails:133  wrgs:186  wck:0.04  ngds:32
    run10  dpts:2..8  effs:869  fails:156  wrgs:217  wck:0.05  ngds:33
    run11  dpts:0..9  effs:1096  fails:181  wrgs:260  wck:0.05  ngds:35
    run12  dpts:3..11  effs:1356  fails:209  wrgs:308  wck:0.06  ngds:39
    run13  dpts:1..27  effs:1505  fails:229  wrgs:336  wck:0.06  ngds:43  sols:1

  [94mglobal[0m
    effs:1505  revisions:(38397,useless=37579)  ngds:43
    stop:REACHED_GOAL  wrgs:336  sols:1  sol1Cpu:1.212
    wck:0.61  cpu:1.213  mem:35M291


  Solution 1 in JSON format:
   {
    cases_visibles: [-1, -1, -1, -1, 4, 5, 5, 1],
    x: [
     [1, 0, 0, 0],
     [0, 0, 1, 0],
     [0, 0, 0, 1],
     [0, 1, 0, 0]
    ],
    r: [90, 90, 270, 0]
   }

[92ms SATISFIABLE[0m
[92m
v[0m <instantiation id='sol1' type='solution'> <list> cases_visibles[] x[][] r[] </list> <values> -1x4 4 5 5 1   1 0x5 1 0x4 1 0 1 0 0   90 90 270 0 </values> </instantiation>
[92m
d WRONG DECISIONS[0m 336
[92md FOUND SOLUTIONS[0m 1
[91md INCOMPLETE EXPLORATION[0m

c real time : 1.223
