
[93mACE v2.3 [0m

  [94minstance[0m
    name:main

  Loading variables...

  Loading constraints...

  [94mdomains[0m
    types:3  values:120  sizes:[2:16,4:4,9:8]
  [94mvariables[0m
    count:28  arrays:3  degrees:[10:16,24:8,32:4]
  [94mconstraints[0m
    count:193  converted:128  specific:65  groups:1  arities:[1:56,3:128,4:8,8:1]
    distribution:[ExactlyK:1,Extension1:56,ExtensionV-Matrix3D:128,SumSimpleEQ:8]
    extStructures:(28,shared:100)
    wck:0.51  cpu:1.048  mem:32M906

  Building solver... 

  [94msolver[0m
    guaranteedAC:true
    wck:0.54  cpu:1.077  mem:36M166

  [94mpreprocessing[0m
    effs:56  revisions:(640,useless=640)  values:64  removedByAC:56  unsat:false
    wck:0.007  cpu:1.085  mem:36M166

    run1  dpts:3..7  effs:128  fails:10  wrgs:13  wck:0.00  ngds:4
    run2  dpts:0..27  effs:251  fails:18  wrgs:27  wck:0.02  ngds:7  sols:1

  [94mglobal[0m
    effs:251  revisions:(4552,useless=4412)  ngds:7
    stop:REACHED_GOAL  wrgs:27  sols:1  sol1Cpu:1.099
    wck:0.56  cpu:1.1  mem:36M166


  Solution 1 in JSON format:
   {
    cases_visibles: [7, -1, -1, 7, 7, -1, -1, 7],
    x: [
     [0, 0, 1, 0],
     [0, 1, 0, 0],
     [0, 0, 0, 1],
     [1, 0, 0, 0]
    ],
    r: [0, 90, 270, 90]
   }

[92ms SATISFIABLE[0m
[92m
v[0m <instantiation id='sol1' type='solution'> <list> cases_visibles[] x[][] r[] </list> <values> 7 -1 -1 7 7 -1 -1 7   0 0 1 0 0 1 0x5 1 1 0x3   0 90 270 90 </values> </instantiation>
[92m
d WRONG DECISIONS[0m 27
[92md FOUND SOLUTIONS[0m 1
[91md INCOMPLETE EXPLORATION[0m

c real time : 1.107
