
[93mACE v2.3 [0m

  [94minstance[0m
    name:generateur

  Loading variables...

  Loading constraints...

  [94mdomains[0m
    types:3  values:120  sizes:[2:16,4:4,9:8]
  [94mvariables[0m
    count:28  arrays:3  degrees:[10:16,24:8,32:4]
  [94mconstraints[0m
    count:179  converted:128  specific:51  groups:2  arities:[1:40,3:128,4:8,8:3]
    distribution:[Exactly1:2,ExactlyK:1,Extension1:40,ExtensionV-Matrix3D:128,SumSimpleEQ:8]
    extStructures:(28,shared:100)
    wck:0.90  cpu:1.224  mem:32M872

  Building solver... 

  [94msolver[0m
    guaranteedAC:true
    wck:0.94  cpu:1.246  mem:35M459

  [94mpreprocessing[0m
    effs:40  revisions:(640,useless=640)  values:80  removedByAC:40  unsat:false
    wck:0.006  cpu:1.252  mem:35M459

    run1  dpts:4..6  effs:73  fails:10  wrgs:12  wck:0.00  ngds:3
    run2  dpts:4..6  effs:109  fails:21  wrgs:25  wck:0.01  ngds:7
    run3  dpts:4..6  effs:146  fails:33  wrgs:39  wck:0.02  ngds:12
    run4  dpts:4..6  effs:192  fails:46  wrgs:56  wck:0.02  ngds:16
    run5  dpts:4..6  effs:244  fails:60  wrgs:74  wck:0.02  ngds:20
    run6  dpts:4..8  effs:342  fails:76  wrgs:98  wck:0.03  ngds:24
    run7  dpts:0..6  effs:442  fails:93  wrgs:120  wck:0.03  ngds:26
    run8  dpts:0..7  effs:575  fails:108  wrgs:148  wck:0.04  ngds:26

  [94mglobal[0m
    effs:575  revisions:(16283,useless=16075)  ngds:26
    stop:FULL_EXPLORATION  wrgs:148
    wck:0.98  cpu:1.286  mem:36M46

[92ms UNSATISFIABLE[0m
[92m
d WRONG DECISIONS[0m 148
[92md FOUND SOLUTIONS[0m 0
[92md COMPLETE EXPLORATION[0m

c real time : 1.288
