
[93mACE v2.3 [0m

  [94minstance[0m
    name:generateur

  Loading variables...

  Loading constraints...

  [94mdomains[0m
    types:3  values:120  sizes:[2:16,4:4,9:8]
  [94mvariables[0m
    count:28  arrays:3  degrees:[10:16,24:8,32:4]
  [94mconstraints[0m
    count:172  converted:128  specific:44  groups:2  arities:[1:32,3:128,4:8,8:4]
    distribution:[Exactly1:4,Extension1:32,ExtensionV-Matrix3D:128,SumSimpleEQ:8]
    extStructures:(28,shared:100)
    wck:0.62  cpu:1.15  mem:32M319

  Building solver... 

  [94msolver[0m
    guaranteedAC:true
    wck:0.66  cpu:1.174  mem:35M578

  [94mpreprocessing[0m
    effs:32  revisions:(640,useless=640)  values:88  removedByAC:32  unsat:false
    wck:0.005  cpu:1.18  mem:35M578

    run1  dpts:4..6  effs:88  fails:10  wrgs:18  wck:0.00  ngds:3
    run2  dpts:4..6  effs:151  fails:21  wrgs:38  wck:0.02  ngds:7
    run3  dpts:4..6  effs:232  fails:33  wrgs:62  wck:0.02  ngds:10
    run4  dpts:4..6  effs:319  fails:46  wrgs:88  wck:0.03  ngds:14
    run5  dpts:4..10  effs:416  fails:60  wrgs:109  wck:0.04  ngds:16
    run6  dpts:2..6  effs:512  fails:76  wrgs:131  wck:0.05  ngds:19
    run7  dpts:1..7  effs:698  fails:93  wrgs:162  wck:0.07  ngds:22
    run8  dpts:2..8  effs:846  fails:112  wrgs:199  wck:0.08  ngds:27
    run9  dpts:1..6  effs:1081  fails:133  wrgs:228  wck:0.09  ngds:30
    run10  dpts:0..6  effs:1282  fails:156  wrgs:262  wck:0.11  ngds:30
    run11  dpts:2..8  effs:1503  fails:181  wrgs:303  wck:0.13  ngds:33
    run12  dpts:0..9  effs:1757  fails:209  wrgs:344  wck:0.15  ngds:39
    run13  dpts:1..7  effs:2055  fails:240  wrgs:398  wck:0.17  ngds:42
    run14  dpts:0..7  effs:2420  fails:274  wrgs:453  wck:0.17  ngds:42
    run15  dpts:0..5  effs:2554  fails:287  wrgs:474  wck:0.18  ngds:42

  [94mglobal[0m
    effs:2554  revisions:(62226,useless=60950)  ngds:42
    stop:FULL_EXPLORATION  wrgs:474
    wck:0.84  cpu:1.262  mem:36M207

[92ms UNSATISFIABLE[0m
[92m
d WRONG DECISIONS[0m 474
[92md FOUND SOLUTIONS[0m 0
[92md COMPLETE EXPLORATION[0m

c real time : 1.264
