
[93mACE v2.3 [0m

  [94minstance[0m
    name:generateur

  Loading variables...

  Loading constraints...

  [94mdomains[0m
    types:3  values:120  sizes:[2:16,4:4,9:8]
  [94mvariables[0m
    count:28  arrays:3  degrees:[10:16,24:8,32:4]
  [94mconstraints[0m
    count:179  converted:128  specific:51  groups:1  arities:[1:40,3:128,4:8,8:3]
    distribution:[Exactly1:2,ExactlyK:1,Extension1:40,ExtensionV-Matrix3D:128,SumSimpleEQ:8]
    extStructures:(28,shared:100)
    wck:1.21  cpu:1.329  mem:32M969

  Building solver... 

  [94msolver[0m
    guaranteedAC:true
    wck:1.28  cpu:1.356  mem:35M599

  [94mpreprocessing[0m
    effs:40  revisions:(640,useless=640)  values:80  removedByAC:40  unsat:false
    wck:0.014  cpu:1.363  mem:35M599

    run1  dpts:4..10  effs:104  fails:10  wrgs:19  wck:0.00  ngds:6
    run2  dpts:2..5  effs:178  fails:21  wrgs:33  wck:0.08  ngds:8
    run3  dpts:2..5  effs:294  fails:33  wrgs:50  wck:0.10  ngds:12
    run4  dpts:4..9  effs:422  fails:46  wrgs:76  wck:0.11  ngds:16
    run5  dpts:3..7  effs:532  fails:60  wrgs:95  wck:0.12  ngds:20
    run6  dpts:1..6  effs:702  fails:76  wrgs:118  wck:0.13  ngds:22
    run7  dpts:1..5  effs:805  fails:93  wrgs:139  wck:0.15  ngds:24
    run8  dpts:1..7  effs:947  fails:112  wrgs:166  wck:0.16  ngds:28
    run9  dpts:0..5  effs:1156  fails:133  wrgs:197  wck:0.17  ngds:30
    run10  dpts:0..5  effs:1406  fails:156  wrgs:231  wck:0.19  ngds:31
    run11  dpts:1..27  effs:1492  fails:161  wrgs:240  wck:0.20  ngds:34  sols:1

  [94mglobal[0m
    effs:1492  revisions:(36595,useless=35702)  ngds:34
    stop:REACHED_GOAL  wrgs:240  sols:1  sol1Cpu:1.422
    wck:1.49  cpu:1.423  mem:36M228


  Solution 1 in JSON format:
   {
    cases_visibles: [1, -1, 1, -1, 7, -1, -1, 6],
    x: [
     [0, 1, 0, 0],
     [1, 0, 0, 0],
     [0, 0, 0, 1],
     [0, 0, 1, 0]
    ],
    r: [90, 180, 90, 90]
   }

[92ms SATISFIABLE[0m
[92m
v[0m <instantiation id='sol1' type='solution'> <list> cases_visibles[] x[][] r[] </list> <values> 1 -1 1 -1 7 -1 -1 6   0 1 0 0 1 0x6 1 0 0 1 0   90 180 90 90 </values> </instantiation>
[92m
d WRONG DECISIONS[0m 240
[92md FOUND SOLUTIONS[0m 1
[91md INCOMPLETE EXPLORATION[0m

c real time : 1.431
