
[93mACE v2.3 [0m

  [94minstance[0m
    name:generateur

  Loading variables...

  Loading constraints...

  [94mdomains[0m
    types:3  values:120  sizes:[2:16,4:4,9:8]
  [94mvariables[0m
    count:28  arrays:3  degrees:[10:16,24:8,32:4]
  [94mconstraints[0m
    count:179  converted:128  specific:51  groups:2  arities:[1:40,3:128,4:8,8:3]
    distribution:[Exactly1:2,ExactlyK:1,Extension1:40,ExtensionV-Matrix3D:128,SumSimpleEQ:8]
    extStructures:(28,shared:100)
    wck:0.37  cpu:0.99  mem:33M22

  Building solver... 

  [94msolver[0m
    guaranteedAC:true
    wck:0.40  cpu:1.018  mem:35M651

  [94mpreprocessing[0m
    effs:40  revisions:(640,useless=640)  values:80  removedByAC:40  unsat:false
    wck:0.006  cpu:1.025  mem:35M651

    run1  dpts:4..10  effs:104  fails:10  wrgs:19  wck:0.00  ngds:6
    run2  dpts:2..6  effs:199  fails:21  wrgs:34  wck:0.02  ngds:7
    run3  dpts:2..4  effs:290  fails:33  wrgs:49  wck:0.02  ngds:11
    run4  dpts:1..4  effs:385  fails:46  wrgs:68  wck:0.03  ngds:13
    run5  dpts:2..6  effs:479  fails:60  wrgs:89  wck:0.03  ngds:18
    run6  dpts:0..5  effs:644  fails:76  wrgs:115  wck:0.04  ngds:21
    run7  dpts:0..2  effs:700  fails:80  wrgs:123  wck:0.04  ngds:21

  [94mglobal[0m
    effs:700  revisions:(18075,useless=17656)  ngds:21
    stop:FULL_EXPLORATION  wrgs:123
    wck:0.44  cpu:1.062  mem:36M280

[92ms UNSATISFIABLE[0m
[92m
d WRONG DECISIONS[0m 123
[92md FOUND SOLUTIONS[0m 0
[92md COMPLETE EXPLORATION[0m

c real time : 1.065
