
[93mACE v2.3 [0m

  [94minstance[0m
    name:main

  Loading variables...

  Loading constraints...

  [94mdomains[0m
    types:3  values:120  sizes:[2:16,4:4,9:8]
  [94mvariables[0m
    count:28  arrays:3  degrees:[10:16,24:8,32:4]
  [94mconstraints[0m
    count:179  converted:128  specific:51  groups:1  arities:[1:40,3:128,4:8,8:3]
    distribution:[Exactly1:2,ExactlyK:1,Extension1:40,ExtensionV-Matrix3D:128,SumSimpleEQ:8]
    extStructures:(28,shared:100)
    wck:0.33  cpu:1.077  mem:33M83

  Building solver... 

  [94msolver[0m
    guaranteedAC:true
    wck:0.35  cpu:1.093  mem:35M713

  [94mpreprocessing[0m
    effs:40  revisions:(640,useless=640)  values:80  removedByAC:40  unsat:false
    wck:0.004  cpu:1.098  mem:35M713

    run1  dpts:4..10  effs:104  fails:10  wrgs:19  wck:0.00  ngds:6
    run2  dpts:2..5  effs:178  fails:21  wrgs:33  wck:0.01  ngds:8
    run3  dpts:2..7  effs:310  fails:33  wrgs:53  wck:0.02  ngds:11
    run4  dpts:3..7  effs:458  fails:46  wrgs:78  wck:0.02  ngds:13
    run5  dpts:4..7  effs:564  fails:60  wrgs:98  wck:0.02  ngds:15
    run6  dpts:1..8  effs:717  fails:76  wrgs:124  wck:0.03  ngds:19
    run7  dpts:0..6  effs:997  fails:93  wrgs:150  wck:0.03  ngds:24
    run8  dpts:1..6  effs:1305  fails:112  wrgs:180  wck:0.03  ngds:29
    run9  dpts:0..4  effs:1598  fails:133  wrgs:210  wck:0.04  ngds:30
    run10  dpts:0..1  effs:1620  fails:134  wrgs:213  wck:0.04  ngds:30

  [94mglobal[0m
    effs:1620  revisions:(36159,useless=35131)  ngds:30
    stop:FULL_EXPLORATION  wrgs:213
    wck:0.39  cpu:1.134  mem:36M342

[92ms UNSATISFIABLE[0m
[92m
d WRONG DECISIONS[0m 213
[92md FOUND SOLUTIONS[0m 0
[92md COMPLETE EXPLORATION[0m

c real time : 1.136
