
[93mACE v2.3 [0m

  [94minstance[0m
    name:generateur

  Loading variables...

  Loading constraints...

  [94mdomains[0m
    types:3  values:120  sizes:[2:16,4:4,9:8]
  [94mvariables[0m
    count:28  arrays:3  degrees:[10:16,24:8,32:4]
  [94mconstraints[0m
    count:186  converted:128  specific:58  groups:1  arities:[1:48,3:128,4:8,8:2]
    distribution:[ExactlyK:2,Extension1:48,ExtensionV-Matrix3D:128,SumSimpleEQ:8]
    extStructures:(28,shared:100)
    wck:0.48  cpu:1.248  mem:33M37

  Building solver... 

  [94msolver[0m
    guaranteedAC:true
    wck:0.50  cpu:1.263  mem:35M666

  [94mpreprocessing[0m
    effs:48  revisions:(640,useless=640)  values:72  removedByAC:48  unsat:false
    wck:0.004  cpu:1.268  mem:35M666

    run1  dpts:4..9  effs:110  fails:10  wrgs:15  wck:0.00  ngds:3
    run2  dpts:1..5  effs:239  fails:21  wrgs:31  wck:0.01  ngds:8
    run3  dpts:3..7  effs:339  fails:33  wrgs:48  wck:0.02  ngds:13
    run4  dpts:0..7  effs:556  fails:46  wrgs:69  wck:0.02  ngds:15
    run5  dpts:0..4  effs:726  fails:60  wrgs:92  wck:0.02  ngds:17
    run6  dpts:0..4  effs:894  fails:71  wrgs:110  wck:0.03  ngds:17

  [94mglobal[0m
    effs:894  revisions:(19193,useless=18633)  ngds:17
    stop:FULL_EXPLORATION  wrgs:110
    wck:0.53  cpu:1.293  mem:36M295

[92ms UNSATISFIABLE[0m
[92m
d WRONG DECISIONS[0m 110
[92md FOUND SOLUTIONS[0m 0
[92md COMPLETE EXPLORATION[0m

c real time : 1.294
