
[93mACE v2.3 [0m

  [94minstance[0m
    name:main

  Loading variables...

  Loading constraints...

  [94mdomains[0m
    types:3  values:120  sizes:[2:16,4:4,9:8]
  [94mvariables[0m
    count:28  arrays:3  degrees:[10:16,24:8,32:4]
  [94mconstraints[0m
    count:172  converted:128  specific:44  groups:1  arities:[1:32,3:128,4:8,8:4]
    distribution:[Exactly1:4,Extension1:32,ExtensionV-Matrix3D:128,SumSimpleEQ:8]
    extStructures:(28,shared:100)
    wck:0.59  cpu:1.216  mem:32M286

  Building solver... 

  [94msolver[0m
    guaranteedAC:true
    wck:0.62  cpu:1.236  mem:35M544

  [94mpreprocessing[0m
    effs:32  revisions:(640,useless=640)  values:88  removedByAC:32  unsat:false
    wck:0.006  cpu:1.243  mem:35M544

    run1  dpts:4..6  effs:88  fails:10  wrgs:18  wck:0.00  ngds:3
    run2  dpts:4..6  effs:151  fails:21  wrgs:38  wck:0.02  ngds:7
    run3  dpts:4..6  effs:232  fails:33  wrgs:62  wck:0.02  ngds:10
    run4  dpts:4..6  effs:319  fails:46  wrgs:88  wck:0.03  ngds:14
    run5  dpts:4..10  effs:416  fails:60  wrgs:109  wck:0.03  ngds:16
    run6  dpts:3..27  effs:517  fails:72  wrgs:126  wck:0.03  ngds:18  sols:1

  [94mglobal[0m
    effs:517  revisions:(14866,useless=14756)  ngds:18
    stop:REACHED_GOAL  wrgs:126  sols:1  sol1Cpu:1.274
    wck:0.66  cpu:1.275  mem:35M544


  Solution 1 in JSON format:
   {
    cases_visibles: [-1, -1, 5, 2, 0, -1, -1, 3],
    x: [
     [1, 0, 0, 0],
     [0, 0, 1, 0],
     [0, 1, 0, 0],
     [0, 0, 0, 1]
    ],
    r: [90, 270, 0, 0]
   }

[92ms SATISFIABLE[0m
[92m
v[0m <instantiation id='sol1' type='solution'> <list> cases_visibles[] x[][] r[] </list> <values> -1 -1 5 2 0 -1 -1 3   1 0x5 1 0 0 1 0x5 1   90 270 0 0 </values> </instantiation>
[92m
d WRONG DECISIONS[0m 126
[92md FOUND SOLUTIONS[0m 1
[91md INCOMPLETE EXPLORATION[0m

c real time : 1.285
