
[93mACE v2.3 [0m

  [94minstance[0m
    name:solveur

  Loading variables...

  Loading constraints...

  [94mdomains[0m
    types:3  values:120  sizes:[2:16,4:4,9:8]
  [94mvariables[0m
    count:28  arrays:3  degrees:[10:16,24:8,32:4]
  [94mconstraints[0m
    count:179  converted:128  specific:51  groups:1  arities:[1:40,3:128,4:8,8:3]
    distribution:[Exactly1:2,ExactlyK:1,Extension1:40,ExtensionV-Matrix3D:128,SumSimpleEQ:8]
    extStructures:(28,shared:100)
    wck:1.08  cpu:2.026  mem:32M353

  Building solver... 

  [94msolver[0m
    guaranteedAC:true
    wck:1.18  cpu:2.07  mem:35M528

  [94mpreprocessing[0m
    effs:40  revisions:(640,useless=640)  values:80  removedByAC:40  unsat:false
    wck:0.027  cpu:2.082  mem:35M528

    run1  dpts:4..6  effs:81  fails:10  wrgs:16  wck:0.00  ngds:3
    run2  dpts:4..6  effs:125  fails:21  wrgs:33  wck:0.09  ngds:7
    run3  dpts:4..11  effs:205  fails:33  wrgs:56  wck:0.10  ngds:13
    run4  dpts:0..7  effs:295  fails:46  wrgs:72  wck:0.13  ngds:17
    run5  dpts:3..7  effs:415  fails:60  wrgs:93  wck:0.15  ngds:20
    run6  dpts:5..9  effs:502  fails:76  wrgs:119  wck:0.18  ngds:26
    run7  dpts:5..9  effs:600  fails:93  wrgs:143  wck:0.20  ngds:29
    run8  dpts:3..7  effs:752  fails:112  wrgs:169  wck:0.21  ngds:32
    run9  dpts:4..10  effs:957  fails:133  wrgs:208  wck:0.24  ngds:40
    run10  dpts:1..8  effs:1196  fails:156  wrgs:247  wck:0.26  ngds:43
    run11  dpts:2..8  effs:1390  fails:181  wrgs:279  wck:0.29  ngds:47
[92mv[0m <instantiation id='sol1' type='solution'> <list> cases_visibles_vars[] x[][] r[] </list> <values> -1 -1 -1 3 1 6 -1 3  0 1 0 0 0 0 1 0 1 0 0 0 0 0 0 1  90 0 180 0 </values> </instantiation>
[92mv[0m <instantiation id='sol2' type='solution'> <list> cases_visibles_vars[] x[][] r[] </list> <values> -1 -1 -1 3 1 6 -1 3  0 1 0 0 0 0 1 0 1 0 0 0 0 0 0 1  270 0 180 0 </values> </instantiation>
    run12  dpts:2..27  effs:1459  fails:184  wrgs:285  wck:0.31  ngds:49  sols:2

  [94mglobal[0m
    effs:1459  revisions:(33672,useless=32896)  ngds:49
    stop:REACHED_GOAL  wrgs:285  sols:2  sol1Cpu:2.196
    wck:1.55  cpu:2.207  mem:36M115


  Solution 2 in JSON format:
   {
    cases_visibles_vars: [-1, -1, -1, 3, 1, 6, -1, 3],
    x: [
     [0, 1, 0, 0],
     [0, 0, 1, 0],
     [1, 0, 0, 0],
     [0, 0, 0, 1]
    ],
    r: [270, 0, 180, 0]
   }

[92ms SATISFIABLE[0m
[92m
d WRONG DECISIONS[0m 285
[92md FOUND SOLUTIONS[0m 2
[91md INCOMPLETE EXPLORATION[0m

c real time : 2.22
