
[93mACE v2.3 [0m

  [94minstance[0m
    name:generateur

  Loading variables...

  Loading constraints...

  [94mdomains[0m
    types:3  values:120  sizes:[2:16,4:4,9:8]
  [94mvariables[0m
    count:28  arrays:3  degrees:[10:16,24:8,32:4]
  [94mconstraints[0m
    count:172  converted:128  specific:44  groups:2  arities:[1:32,3:128,4:8,8:4]
    distribution:[Exactly1:4,Extension1:32,ExtensionV-Matrix3D:128,SumSimpleEQ:8]
    extStructures:(28,shared:100)
    wck:1.36  cpu:1.405  mem:32M227

  Building solver... 

  [94msolver[0m
    guaranteedAC:true
    wck:1.43  cpu:1.429  mem:35M402

  [94mpreprocessing[0m
    effs:32  revisions:(640,useless=640)  values:88  removedByAC:32  unsat:false
    wck:0.006  cpu:1.437  mem:35M402

    run1  dpts:4..6  effs:88  fails:10  wrgs:18  wck:0.00  ngds:3
    run2  dpts:4..6  effs:151  fails:21  wrgs:38  wck:0.05  ngds:7
    run3  dpts:4..6  effs:232  fails:33  wrgs:62  wck:0.06  ngds:10
    run4  dpts:4..6  effs:319  fails:46  wrgs:88  wck:0.07  ngds:14
    run5  dpts:4..10  effs:416  fails:60  wrgs:109  wck:0.09  ngds:16
    run6  dpts:3..7  effs:521  fails:76  wrgs:132  wck:0.10  ngds:19
    run7  dpts:3..9  effs:661  fails:93  wrgs:161  wck:0.12  ngds:22
    run8  dpts:1..7  effs:851  fails:112  wrgs:190  wck:0.13  ngds:24
    run9  dpts:5..8  effs:1009  fails:133  wrgs:229  wck:0.15  ngds:29
    run10  dpts:2..7  effs:1139  fails:156  wrgs:260  wck:0.17  ngds:34
    run11  dpts:0..7  effs:1424  fails:181  wrgs:300  wck:0.17  ngds:36
    run12  dpts:3..9  effs:1638  fails:209  wrgs:353  wck:0.19  ngds:40
    run13  dpts:0..7  effs:1979  fails:240  wrgs:408  wck:0.21  ngds:41
    run14  dpts:1..8  effs:2385  fails:274  wrgs:475  wck:0.23  ngds:43
    run15  dpts:1..11  effs:2846  fails:311  wrgs:540  wck:0.26  ngds:48
    run16  dpts:0..6  effs:3073  fails:332  wrgs:571  wck:0.28  ngds:48

  [94mglobal[0m
    effs:3073  revisions:(74734,useless=73112)  ngds:48
    stop:FULL_EXPLORATION  wrgs:571
    wck:1.71  cpu:1.537  mem:35M989

[92ms UNSATISFIABLE[0m
[92m
d WRONG DECISIONS[0m 571
[92md FOUND SOLUTIONS[0m 0
[92md COMPLETE EXPLORATION[0m

c real time : 1.54
