
[93mACE v2.3 [0m

  [94minstance[0m
    name:generateur

  Loading variables...

  Loading constraints...

  [94mdomains[0m
    types:3  values:120  sizes:[2:16,4:4,9:8]
  [94mvariables[0m
    count:28  arrays:3  degrees:[10:16,24:8,32:4]
  [94mconstraints[0m
    count:172  converted:128  specific:44  groups:1  arities:[1:32,3:128,4:8,8:4]
    distribution:[Exactly1:4,Extension1:32,ExtensionV-Matrix3D:128,SumSimpleEQ:8]
    extStructures:(28,shared:100)
    wck:1.63  cpu:1.987  mem:32M359

  Building solver... 

  [94msolver[0m
    guaranteedAC:true
    wck:1.71  cpu:2.02  mem:35M618

  [94mpreprocessing[0m
    effs:32  revisions:(640,useless=640)  values:88  removedByAC:32  unsat:false
    wck:0.017  cpu:2.029  mem:35M618

    run1  dpts:4..6  effs:88  fails:10  wrgs:18  wck:0.00  ngds:3
    run2  dpts:4..6  effs:151  fails:21  wrgs:38  wck:0.07  ngds:7
    run3  dpts:4..6  effs:232  fails:33  wrgs:62  wck:0.08  ngds:10
    run4  dpts:4..6  effs:319  fails:46  wrgs:88  wck:0.09  ngds:14
    run5  dpts:4..10  effs:416  fails:60  wrgs:109  wck:0.11  ngds:16
    run6  dpts:2..6  effs:550  fails:76  wrgs:134  wck:0.12  ngds:17
    run7  dpts:5..10  effs:691  fails:93  wrgs:170  wck:0.15  ngds:22
    run8  dpts:5..8  effs:811  fails:112  wrgs:203  wck:0.17  ngds:27
    run9  dpts:2..7  effs:965  fails:133  wrgs:238  wck:0.18  ngds:29
    run10  dpts:1..7  effs:1110  fails:156  wrgs:270  wck:0.20  ngds:32
    run11  dpts:0..8  effs:1325  fails:181  wrgs:309  wck:0.21  ngds:35
    run12  dpts:2..8  effs:1629  fails:209  wrgs:356  wck:0.24  ngds:41
    run13  dpts:3..9  effs:1890  fails:240  wrgs:416  wck:0.26  ngds:47
    run14  dpts:3..11  effs:2150  fails:274  wrgs:481  wck:0.27  ngds:49
    run15  dpts:1..7  effs:2493  fails:311  wrgs:541  wck:0.29  ngds:51
    run16  dpts:3..9  effs:2796  fails:352  wrgs:605  wck:0.31  ngds:54
    run17  dpts:2..7  effs:3224  fails:397  wrgs:671  wck:0.33  ngds:57
    run18  dpts:0..8  effs:3666  fails:447  wrgs:747  wck:0.35  ngds:59
    run19  dpts:0..9  effs:4305  fails:502  wrgs:844  wck:0.36  ngds:63
    run20  dpts:0..5  effs:4627  fails:532  wrgs:892  wck:0.41  ngds:63

  [94mglobal[0m
    effs:4627  revisions:(112225,useless=109746)  ngds:63
    stop:FULL_EXPLORATION  wrgs:892
    wck:2.13  cpu:2.194  mem:36M247

[92ms UNSATISFIABLE[0m
[92m
d WRONG DECISIONS[0m 892
[92md FOUND SOLUTIONS[0m 0
[92md COMPLETE EXPLORATION[0m

c real time : 2.198
