
[93mACE v2.3 [0m

  [94minstance[0m
    name:main

  Loading variables...

  Loading constraints...

  [94mdomains[0m
    types:1  values:32  sizes:[2:16]
  [94mvariables[0m
    count:16  omitted:4  arrays:2  degrees:[2:16]
  [94mconstraints[0m
    count:8  specific:8  groups:1  arities:[4:8]
    distribution:[SumSimpleEQ:8]
    wck:0.45  cpu:0.77  mem:12M652

  Building solver... 

  [94msolver[0m
    guaranteedAC:true
    wck:0.51  cpu:0.793  mem:15M911

  [94mpreprocessing[0m
    values:32  unsat:false
    wck:0.0  cpu:0.794  mem:15M911

    run1  dpts:-1..15  effs:7  wck:0.00  sols:1

  [94mglobal[0m
    effs:7
    stop:REACHED_GOAL  sols:1  sol1Cpu:0.796
    wck:0.53  cpu:0.802  mem:15M911


  Solution 1 in JSON format:
   {
    x: [
     [0, 0, 0, 1],
     [0, 0, 1, 0],
     [0, 1, 0, 0],
     [1, 0, 0, 0]
    ],
    r: [*, *, *, *]
   }

[92ms SATISFIABLE[0m
[92m
v[0m <instantiation id='sol1' type='solution'> <list> x[][] r[] </list> <values> 0x3 1 0 0 1 0 0 1 0 0 1 0x3   *x4 </values> </instantiation>
[92m
d WRONG DECISIONS[0m 0
[92md FOUND SOLUTIONS[0m 1
[91md INCOMPLETE EXPLORATION[0m

c real time : 0.812
