
[93mACE v2.3 [0m

  [94minstance[0m
    name:generateur

  Loading variables...

  Loading constraints...

  [94mdomains[0m
    types:3  values:120  sizes:[2:16,4:4,9:8]
  [94mvariables[0m
    count:28  arrays:3  degrees:[10:16,24:8,32:4]
  [94mconstraints[0m
    count:179  converted:128  specific:51  groups:1  arities:[1:40,3:128,4:8,8:3]
    distribution:[Exactly1:2,ExactlyK:1,Extension1:40,ExtensionV-Matrix3D:128,SumSimpleEQ:8]
    extStructures:(28,shared:100)
    wck:1.05  cpu:1.332  mem:32M954

  Building solver... 

  [94msolver[0m
    guaranteedAC:true
    wck:1.10  cpu:1.353  mem:35M541

  [94mpreprocessing[0m
    effs:40  revisions:(640,useless=640)  values:80  removedByAC:40  unsat:false
    wck:0.018  cpu:1.361  mem:35M541

    run1  dpts:4..6  effs:73  fails:10  wrgs:12  wck:0.00  ngds:3
    run2  dpts:4..6  effs:109  fails:21  wrgs:25  wck:0.06  ngds:7
    run3  dpts:4..6  effs:146  fails:33  wrgs:39  wck:0.06  ngds:12
    run4  dpts:4..6  effs:192  fails:46  wrgs:56  wck:0.08  ngds:16
    run5  dpts:4..6  effs:244  fails:60  wrgs:74  wck:0.10  ngds:20
    run6  dpts:4..8  effs:342  fails:76  wrgs:98  wck:0.10  ngds:24
    run7  dpts:3..7  effs:447  fails:93  wrgs:120  wck:0.12  ngds:25
    run8  dpts:0..7  effs:583  fails:112  wrgs:150  wck:0.14  ngds:26
    run9  dpts:3..9  effs:734  fails:133  wrgs:184  wck:0.16  ngds:27
    run10  dpts:0..5  effs:871  fails:156  wrgs:215  wck:0.17  ngds:28
    run11  dpts:0..7  effs:995  fails:171  wrgs:245  wck:0.19  ngds:28

  [94mglobal[0m
    effs:995  revisions:(26799,useless=26322)  ngds:28
    stop:FULL_EXPLORATION  wrgs:245
    wck:1.30  cpu:1.407  mem:36M129

[92ms UNSATISFIABLE[0m
[92m
d WRONG DECISIONS[0m 245
[92md FOUND SOLUTIONS[0m 0
[92md COMPLETE EXPLORATION[0m

c real time : 1.409
