
[93mACE v2.3 [0m

  [94minstance[0m
    name:generateur

  Loading variables...

  Loading constraints...

  [94mdomains[0m
    types:3  values:120  sizes:[2:16,4:4,9:8]
  [94mvariables[0m
    count:28  arrays:3  degrees:[10:16,24:8,32:4]
  [94mconstraints[0m
    count:179  converted:128  specific:51  groups:2  arities:[1:40,3:128,4:8,8:3]
    distribution:[Exactly1:2,ExactlyK:1,Extension1:40,ExtensionV-Matrix3D:128,SumSimpleEQ:8]
    extStructures:(28,shared:100)
    wck:0.36  cpu:0.935  mem:33M74

  Building solver... 

  [94msolver[0m
    guaranteedAC:true
    wck:0.38  cpu:0.953  mem:35M703

  [94mpreprocessing[0m
    effs:40  revisions:(640,useless=640)  values:80  removedByAC:40  unsat:false
    wck:0.003  cpu:0.957  mem:35M703

    run1  dpts:4..10  effs:104  fails:10  wrgs:19  wck:0.00  ngds:6
    run2  dpts:2..5  effs:215  fails:21  wrgs:35  wck:0.01  ngds:10
    run3  dpts:1..6  effs:294  fails:33  wrgs:52  wck:0.01  ngds:13
    run4  dpts:0..4  effs:419  fails:46  wrgs:69  wck:0.01  ngds:15
    run5  dpts:0..6  effs:528  fails:60  wrgs:94  wck:0.02  ngds:18
    run6  dpts:0..1  effs:580  fails:63  wrgs:100  wck:0.02  ngds:18

  [94mglobal[0m
    effs:580  revisions:(15251,useless=14909)  ngds:18
    stop:FULL_EXPLORATION  wrgs:100
    wck:0.41  cpu:0.978  mem:35M703

[92ms UNSATISFIABLE[0m
[92m
d WRONG DECISIONS[0m 100
[92md FOUND SOLUTIONS[0m 0
[92md COMPLETE EXPLORATION[0m

c real time : 0.98
