
[93mACE v2.3 [0m

  [94minstance[0m
    name:generateur

  Loading variables...

  Loading constraints...

  [94mdomains[0m
    types:3  values:120  sizes:[2:16,4:4,9:8]
  [94mvariables[0m
    count:28  arrays:3  degrees:[10:16,24:8,32:4]
  [94mconstraints[0m
    count:172  converted:128  specific:44  groups:1  arities:[1:32,3:128,4:8,8:4]
    distribution:[Exactly1:4,Extension1:32,ExtensionV-Matrix3D:128,SumSimpleEQ:8]
    extStructures:(28,shared:100)
    wck:1.17  cpu:1.252  mem:32M368

  Building solver... 

  [94msolver[0m
    guaranteedAC:true
    wck:1.23  cpu:1.274  mem:35M626

  [94mpreprocessing[0m
    effs:32  revisions:(640,useless=640)  values:88  removedByAC:32  unsat:false
    wck:0.018  cpu:1.281  mem:35M626

    run1  dpts:4..6  effs:88  fails:10  wrgs:18  wck:0.00  ngds:3
    run2  dpts:4..6  effs:151  fails:21  wrgs:38  wck:0.05  ngds:7
    run3  dpts:4..6  effs:232  fails:33  wrgs:62  wck:0.06  ngds:10
    run4  dpts:4..6  effs:319  fails:46  wrgs:88  wck:0.08  ngds:14
    run5  dpts:4..10  effs:416  fails:60  wrgs:109  wck:0.09  ngds:16
    run6  dpts:2..6  effs:550  fails:76  wrgs:134  wck:0.10  ngds:17
    run7  dpts:5..10  effs:680  fails:93  wrgs:168  wck:0.11  ngds:23
    run8  dpts:3..7  effs:813  fails:112  wrgs:200  wck:0.12  ngds:26
    run9  dpts:3..8  effs:978  fails:133  wrgs:232  wck:0.13  ngds:27
    run10  dpts:3..8  effs:1208  fails:156  wrgs:266  wck:0.14  ngds:31
    run11  dpts:2..9  effs:1497  fails:181  wrgs:306  wck:0.15  ngds:33
    run12  dpts:4..10  effs:1714  fails:209  wrgs:357  wck:0.15  ngds:40
    run13  dpts:5..11  effs:1955  fails:240  wrgs:413  wck:0.16  ngds:47
    run14  dpts:1..6  effs:2308  fails:274  wrgs:461  wck:0.17  ngds:50
    run15  dpts:1..8  effs:2641  fails:311  wrgs:518  wck:0.17  ngds:53
    run16  dpts:3..11  effs:2990  fails:352  wrgs:590  wck:0.18  ngds:60
    run17  dpts:2..27  effs:3306  fails:382  wrgs:636  wck:0.18  ngds:64  sols:1

  [94mglobal[0m
    effs:3306  revisions:(75721,useless=73976)  ngds:64
    stop:REACHED_GOAL  wrgs:636  sols:1  sol1Cpu:1.381
    wck:1.42  cpu:1.382  mem:36M255


  Solution 1 in JSON format:
   {
    cases_visibles: [7, -1, -1, 2, 1, -1, -1, 3],
    x: [
     [0, 1, 0, 0],
     [1, 0, 0, 0],
     [0, 0, 1, 0],
     [0, 0, 0, 1]
    ],
    r: [0, 90, 90, 0]
   }

[92ms SATISFIABLE[0m
[92m
v[0m <instantiation id='sol1' type='solution'> <list> cases_visibles[] x[][] r[] </list> <values> 7 -1 -1 2 1 -1 -1 3   0 1 0 0 1 0x5 1 0x4 1   0 90 90 0 </values> </instantiation>
[92m
d WRONG DECISIONS[0m 636
[92md FOUND SOLUTIONS[0m 1
[91md INCOMPLETE EXPLORATION[0m

c real time : 1.392
