
[93mACE v2.3 [0m

  [94minstance[0m
    name:generateur

  Loading variables...

  Loading constraints...

  [94mdomains[0m
    types:3  values:120  sizes:[2:16,4:4,9:8]
  [94mvariables[0m
    count:28  arrays:3  degrees:[10:16,24:8,32:4]
  [94mconstraints[0m
    count:172  converted:128  specific:44  groups:1  arities:[1:32,3:128,4:8,8:4]
    distribution:[Exactly1:4,Extension1:32,ExtensionV-Matrix3D:128,SumSimpleEQ:8]
    extStructures:(28,shared:100)
    wck:0.31  cpu:0.757  mem:32M446

  Building solver... 

  [94msolver[0m
    guaranteedAC:true
    wck:0.33  cpu:0.771  mem:35M705

  [94mpreprocessing[0m
    effs:32  revisions:(640,useless=640)  values:88  removedByAC:32  unsat:false
    wck:0.006  cpu:0.777  mem:35M705

    run1  dpts:4..6  effs:88  fails:10  wrgs:18  wck:0.00  ngds:3
    run2  dpts:4..6  effs:151  fails:21  wrgs:38  wck:0.01  ngds:7
    run3  dpts:4..6  effs:232  fails:33  wrgs:62  wck:0.02  ngds:10
    run4  dpts:4..6  effs:319  fails:46  wrgs:88  wck:0.02  ngds:14
    run5  dpts:4..10  effs:416  fails:60  wrgs:109  wck:0.02  ngds:16
    run6  dpts:3..8  effs:552  fails:76  wrgs:133  wck:0.03  ngds:18
    run7  dpts:1..7  effs:674  fails:93  wrgs:164  wck:0.03  ngds:19
    run8  dpts:1..9  effs:841  fails:112  wrgs:198  wck:0.03  ngds:24
    run9  dpts:1..9  effs:999  fails:133  wrgs:226  wck:0.03  ngds:27
    run10  dpts:0..6  effs:1266  fails:156  wrgs:263  wck:0.04  ngds:27
    run11  dpts:3..9  effs:1441  fails:181  wrgs:302  wck:0.04  ngds:28
    run12  dpts:0..7  effs:1669  fails:209  wrgs:345  wck:0.04  ngds:30
    run13  dpts:3..11  effs:1919  fails:240  wrgs:413  wck:0.04  ngds:34
    run14  dpts:0..8  effs:2234  fails:274  wrgs:469  wck:0.05  ngds:35
    run15  dpts:0..0  effs:2246  fails:276  wrgs:472  wck:0.05  ngds:35

  [94mglobal[0m
    effs:2246  revisions:(55359,useless=54197)  ngds:35
    stop:FULL_EXPLORATION  wrgs:472
    wck:0.38  cpu:0.822  mem:36M334

[92ms UNSATISFIABLE[0m
[92m
d WRONG DECISIONS[0m 472
[92md FOUND SOLUTIONS[0m 0
[92md COMPLETE EXPLORATION[0m

c real time : 0.824
