
[93mACE v2.3 [0m

  [94minstance[0m
    name:generateur

  Loading variables...

  Loading constraints...

  [94mdomains[0m
    types:3  values:120  sizes:[2:16,4:4,9:8]
  [94mvariables[0m
    count:28  arrays:3  degrees:[10:16,24:8,32:4]
  [94mconstraints[0m
    count:179  converted:128  specific:51  groups:1  arities:[1:40,3:128,4:8,8:3]
    distribution:[Exactly1:2,ExactlyK:1,Extension1:40,ExtensionV-Matrix3D:128,SumSimpleEQ:8]
    extStructures:(28,shared:100)
    wck:0.43  cpu:1.008  mem:33M43

  Building solver... 

  [94msolver[0m
    guaranteedAC:true
    wck:0.46  cpu:1.029  mem:35M673

  [94mpreprocessing[0m
    effs:40  revisions:(640,useless=640)  values:80  removedByAC:40  unsat:false
    wck:0.005  cpu:1.034  mem:35M673

    run1  dpts:4..6  effs:81  fails:10  wrgs:16  wck:0.00  ngds:3
    run2  dpts:4..6  effs:125  fails:21  wrgs:33  wck:0.02  ngds:7
    run3  dpts:4..9  effs:198  fails:33  wrgs:56  wck:0.02  ngds:13
    run4  dpts:4..7  effs:271  fails:46  wrgs:73  wck:0.03  ngds:18
    run5  dpts:2..7  effs:356  fails:60  wrgs:93  wck:0.03  ngds:21
    run6  dpts:0..7  effs:468  fails:76  wrgs:117  wck:0.04  ngds:22
    run7  dpts:0..5  effs:579  fails:93  wrgs:141  wck:0.04  ngds:24
    run8  dpts:5..12  effs:720  fails:112  wrgs:173  wck:0.05  ngds:29
    run9  dpts:0..7  effs:912  fails:133  wrgs:208  wck:0.05  ngds:29
    run10  dpts:0..2  effs:949  fails:136  wrgs:213  wck:0.06  ngds:29

  [94mglobal[0m
    effs:949  revisions:(23406,useless=22909)  ngds:29
    stop:FULL_EXPLORATION  wrgs:213
    wck:0.51  cpu:1.085  mem:36M302

[92ms UNSATISFIABLE[0m
[92m
d WRONG DECISIONS[0m 213
[92md FOUND SOLUTIONS[0m 0
[92md COMPLETE EXPLORATION[0m

c real time : 1.088
