
[93mACE v2.3 [0m

  [94minstance[0m
    name:generateur

  Loading variables...

  Loading constraints...

  [94mdomains[0m
    types:3  values:120  sizes:[2:16,4:4,9:8]
  [94mvariables[0m
    count:28  arrays:3  degrees:[10:16,24:8,32:4]
  [94mconstraints[0m
    count:172  converted:128  specific:44  groups:1  arities:[1:32,3:128,4:8,8:4]
    distribution:[Exactly1:4,Extension1:32,ExtensionV-Matrix3D:128,SumSimpleEQ:8]
    extStructures:(28,shared:100)
    wck:0.38  cpu:0.899  mem:32M446

  Building solver... 

  [94msolver[0m
    guaranteedAC:true
    wck:0.40  cpu:0.921  mem:35M705

  [94mpreprocessing[0m
    effs:32  revisions:(640,useless=640)  values:88  removedByAC:32  unsat:false
    wck:0.007  cpu:0.929  mem:35M705

    run1  dpts:4..6  effs:88  fails:10  wrgs:18  wck:0.00  ngds:3
    run2  dpts:4..6  effs:151  fails:21  wrgs:38  wck:0.04  ngds:7
    run3  dpts:4..6  effs:232  fails:33  wrgs:62  wck:0.05  ngds:10
    run4  dpts:4..6  effs:319  fails:46  wrgs:88  wck:0.07  ngds:14
    run5  dpts:4..10  effs:416  fails:60  wrgs:109  wck:0.07  ngds:16
    run6  dpts:0..7  effs:528  fails:76  wrgs:132  wck:0.09  ngds:24
    run7  dpts:2..7  effs:648  fails:93  wrgs:164  wck:0.09  ngds:25
    run8  dpts:3..8  effs:791  fails:112  wrgs:193  wck:0.10  ngds:28
    run9  dpts:1..27  effs:940  fails:125  wrgs:217  wck:0.11  ngds:30  sols:1

  [94mglobal[0m
    effs:940  revisions:(24534,useless=24189)  ngds:30
    stop:REACHED_GOAL  wrgs:217  sols:1  sol1Cpu:0.98
    wck:0.52  cpu:0.981  mem:35M705


  Solution 1 in JSON format:
   {
    cases_visibles: [-1, 0, -1, 2, 7, -1, -1, 6],
    x: [
     [0, 1, 0, 0],
     [1, 0, 0, 0],
     [0, 0, 0, 1],
     [0, 0, 1, 0]
    ],
    r: [0, 270, 90, 90]
   }

[92ms SATISFIABLE[0m
[92m
v[0m <instantiation id='sol1' type='solution'> <list> cases_visibles[] x[][] r[] </list> <values> -1 0 -1 2 7 -1 -1 6   0 1 0 0 1 0x6 1 0 0 1 0   0 270 90 90 </values> </instantiation>
[92m
d WRONG DECISIONS[0m 217
[92md FOUND SOLUTIONS[0m 1
[91md INCOMPLETE EXPLORATION[0m

c real time : 0.99
