
[93mACE v2.3 [0m

  [94minstance[0m
    name:generateur

  Loading variables...

  Loading constraints...

  [94mdomains[0m
    types:3  values:120  sizes:[2:16,4:4,9:8]
  [94mvariables[0m
    count:28  arrays:3  degrees:[10:16,24:8,32:4]
  [94mconstraints[0m
    count:179  converted:128  specific:51  groups:1  arities:[1:40,3:128,4:8,8:3]
    distribution:[Exactly1:2,ExactlyK:1,Extension1:40,ExtensionV-Matrix3D:128,SumSimpleEQ:8]
    extStructures:(28,shared:100)
    wck:0.41  cpu:1.008  mem:33M38

  Building solver... 

  [94msolver[0m
    guaranteedAC:true
    wck:0.44  cpu:1.037  mem:35M668

  [94mpreprocessing[0m
    effs:40  revisions:(640,useless=640)  values:80  removedByAC:40  unsat:false
    wck:0.007  cpu:1.044  mem:35M668

    run1  dpts:4..6  effs:73  fails:10  wrgs:12  wck:0.00  ngds:3
    run2  dpts:4..6  effs:109  fails:21  wrgs:25  wck:0.02  ngds:7
    run3  dpts:4..6  effs:146  fails:33  wrgs:39  wck:0.02  ngds:12
    run4  dpts:4..6  effs:192  fails:46  wrgs:56  wck:0.03  ngds:16
    run5  dpts:4..6  effs:244  fails:60  wrgs:74  wck:0.03  ngds:20
    run6  dpts:4..8  effs:346  fails:76  wrgs:98  wck:0.03  ngds:24
    run7  dpts:4..7  effs:447  fails:93  wrgs:120  wck:0.04  ngds:31
    run8  dpts:2..8  effs:633  fails:112  wrgs:151  wck:0.04  ngds:34
    run9  dpts:4..10  effs:821  fails:133  wrgs:192  wck:0.05  ngds:36
    run10  dpts:3..7  effs:1010  fails:156  wrgs:223  wck:0.05  ngds:39
    run11  dpts:1..6  effs:1223  fails:181  wrgs:260  wck:0.06  ngds:42
    run12  dpts:0..7  effs:1531  fails:209  wrgs:310  wck:0.06  ngds:43
    run13  dpts:2..8  effs:1848  fails:240  wrgs:358  wck:0.07  ngds:44
    run14  dpts:0..9  effs:2169  fails:274  wrgs:410  wck:0.08  ngds:47
    run15  dpts:0..7  effs:2631  fails:311  wrgs:474  wck:0.09  ngds:48
    run16  dpts:0..7  effs:2864  fails:332  wrgs:512  wck:0.09  ngds:48

  [94mglobal[0m
    effs:2864  revisions:(65788,useless=64099)  ngds:48
    stop:FULL_EXPLORATION  wrgs:512
    wck:0.54  cpu:1.135  mem:36M297

[92ms UNSATISFIABLE[0m
[92m
d WRONG DECISIONS[0m 512
[92md FOUND SOLUTIONS[0m 0
[92md COMPLETE EXPLORATION[0m

c real time : 1.138
