
[93mACE v2.3 [0m

  [94minstance[0m
    name:generateur

  Loading variables...

  Loading constraints...

  [94mdomains[0m
    types:3  values:120  sizes:[2:16,4:4,9:8]
  [94mvariables[0m
    count:28  arrays:3  degrees:[10:16,24:8,32:4]
  [94mconstraints[0m
    count:179  converted:128  specific:51  groups:2  arities:[1:40,3:128,4:8,8:3]
    distribution:[Exactly1:2,ExactlyK:1,Extension1:40,ExtensionV-Matrix3D:128,SumSimpleEQ:8]
    extStructures:(28,shared:100)
    wck:1.02  cpu:1.905  mem:32M997

  Building solver... 

  [94msolver[0m
    guaranteedAC:true
    wck:1.06  cpu:1.938  mem:35M626

  [94mpreprocessing[0m
    effs:40  revisions:(640,useless=640)  values:80  removedByAC:40  unsat:false
    wck:0.013  cpu:1.951  mem:35M626

    run1  dpts:4..10  effs:104  fails:10  wrgs:19  wck:0.00  ngds:6
    run2  dpts:2..5  effs:211  fails:21  wrgs:35  wck:0.04  ngds:9
    run3  dpts:1..5  effs:283  fails:33  wrgs:51  wck:0.05  ngds:12
    run4  dpts:1..4  effs:374  fails:46  wrgs:70  wck:0.06  ngds:13
    run5  dpts:1..6  effs:483  fails:60  wrgs:92  wck:0.07  ngds:17
    run6  dpts:0..5  effs:606  fails:76  wrgs:116  wck:0.08  ngds:23
    run7  dpts:0..3  effs:796  fails:93  wrgs:141  wck:0.09  ngds:26
    run8  dpts:0..4  effs:904  fails:101  wrgs:155  wck:0.10  ngds:26

  [94mglobal[0m
    effs:904  revisions:(24221,useless=23668)  ngds:26
    stop:FULL_EXPLORATION  wrgs:155
    wck:1.16  cpu:2.037  mem:36M255

[92ms UNSATISFIABLE[0m
[92m
d WRONG DECISIONS[0m 155
[92md FOUND SOLUTIONS[0m 0
[92md COMPLETE EXPLORATION[0m

c real time : 2.043
