
[93mACE v2.3 [0m

  [94minstance[0m
    name:solveur

  Loading variables...

  Loading constraints...

  [94mdomains[0m
    types:3  values:372  sizes:[2:16,4:4,9:36]
  [94mvariables[0m
    count:56  arrays:3  degrees:[8:28,10:16,24:8,32:4]
  [94mconstraints[0m
    count:354  converted:128  specific:226  arities:[1:216,3:128,4:8,36:2]
    distribution:[Exactly1:1,ExactlyK:1,Extension1:216,ExtensionV-Matrix3D:128,SumSimpleEQ:8]
    extStructures:(28,shared:100)
    wck:1.50  cpu:2.457  mem:35M997

  Building solver... 

  [94msolver[0m
    guaranteedAC:true
    wck:1.68  cpu:2.508  mem:38M585

  [94mpreprocessing[0m
    effs:216  revisions:(640,useless=640)  values:156  removedByAC:216  unsat:false
    wck:0.023  cpu:2.522  mem:39M172

    run1  dpts:0..5  effs:315  fails:10  wrgs:16  wck:0.00
    run2  dpts:0..0  effs:327  fails:12  wrgs:19  wck:0.13

  [94mglobal[0m
    effs:327  revisions:(3557,useless=3476)
    stop:FULL_EXPLORATION  wrgs:19
    wck:1.84  cpu:2.549  mem:39M172

[92ms UNSATISFIABLE[0m
[92m
d WRONG DECISIONS[0m 19
[92md FOUND SOLUTIONS[0m 0
[92md COMPLETE EXPLORATION[0m

c real time : 2.554
