
[93mACE v2.3 [0m

  [94minstance[0m
    name:generateur

  Loading variables...

  Loading constraints...

  [94mdomains[0m
    types:3  values:120  sizes:[2:16,4:4,9:8]
  [94mvariables[0m
    count:28  arrays:3  degrees:[10:16,24:8,32:4]
  [94mconstraints[0m
    count:172  converted:128  specific:44  groups:1  arities:[1:32,3:128,4:8,8:4]
    distribution:[Exactly1:4,Extension1:32,ExtensionV-Matrix3D:128,SumSimpleEQ:8]
    extStructures:(28,shared:100)
    wck:1.00  cpu:1.217  mem:32M319

  Building solver... 

  [94msolver[0m
    guaranteedAC:true
    wck:1.07  cpu:1.244  mem:35M577

  [94mpreprocessing[0m
    effs:32  revisions:(640,useless=640)  values:88  removedByAC:32  unsat:false
    wck:0.026  cpu:1.253  mem:35M577

    run1  dpts:4..6  effs:88  fails:10  wrgs:18  wck:0.00  ngds:3
    run2  dpts:4..6  effs:151  fails:21  wrgs:38  wck:0.05  ngds:7
    run3  dpts:4..6  effs:232  fails:33  wrgs:62  wck:0.07  ngds:10
    run4  dpts:4..6  effs:319  fails:46  wrgs:88  wck:0.08  ngds:14
    run5  dpts:4..10  effs:416  fails:60  wrgs:109  wck:0.08  ngds:16
    run6  dpts:4..8  effs:584  fails:76  wrgs:132  wck:0.09  ngds:18
    run7  dpts:0..8  effs:691  fails:93  wrgs:159  wck:0.10  ngds:24
    run8  dpts:4..7  effs:802  fails:112  wrgs:188  wck:0.10  ngds:31
    run9  dpts:0..8  effs:971  fails:133  wrgs:221  wck:0.11  ngds:34
    run10  dpts:4..10  effs:1148  fails:156  wrgs:261  wck:0.12  ngds:43
    run11  dpts:3..6  effs:1303  fails:181  wrgs:300  wck:0.12  ngds:48
    run12  dpts:2..7  effs:1572  fails:209  wrgs:344  wck:0.13  ngds:54
    run13  dpts:2..9  effs:1937  fails:240  wrgs:394  wck:0.14  ngds:56
    run14  dpts:2..8  effs:2192  fails:274  wrgs:450  wck:0.15  ngds:57
    run15  dpts:0..7  effs:2594  fails:311  wrgs:504  wck:0.15  ngds:60
    run16  dpts:0..27  effs:2729  fails:328  wrgs:535  wck:0.16  ngds:62  sols:1

  [94mglobal[0m
    effs:2729  revisions:(67521,useless=66244)  ngds:62
    stop:REACHED_GOAL  wrgs:535  sols:1  sol1Cpu:1.329
    wck:1.23  cpu:1.329  mem:36M206


  Solution 1 in JSON format:
   {
    cases_visibles: [-1, -1, -1, -1, 4, 0, 5, 6],
    x: [
     [1, 0, 0, 0],
     [0, 0, 1, 0],
     [0, 1, 0, 0],
     [0, 0, 0, 1]
    ],
    r: [90, 180, 270, 90]
   }

[92ms SATISFIABLE[0m
[92m
v[0m <instantiation id='sol1' type='solution'> <list> cases_visibles[] x[][] r[] </list> <values> -1x4 4 0 5 6   1 0x5 1 0 0 1 0x5 1   90 180 270 90 </values> </instantiation>
[92m
d WRONG DECISIONS[0m 535
[92md FOUND SOLUTIONS[0m 1
[91md INCOMPLETE EXPLORATION[0m

c real time : 1.338
