
[93mACE v2.3 [0m

  [94minstance[0m
    name:main

  Loading variables...

  Loading constraints...

  [94mdomains[0m
    types:3  values:93  sizes:[2:16,4:4,9:5]
  [94mvariables[0m
    count:25  arrays:3  degrees:[10:16,24:2,32:4,40:3]
  [94mconstraints[0m
    count:156  converted:128  specific:28  groups:2  arities:[1:15,3:128,4:8,5:5]
    distribution:[Exactly1:5,Extension1:15,ExtensionV-Matrix3D:128,SumSimpleEQ:8]
    extStructures:(28,shared:100)
    wck:1.26  cpu:1.259  mem:32M328

  Building solver... 

  [94msolver[0m
    guaranteedAC:true
    wck:1.32  cpu:1.286  mem:34M957

  [94mpreprocessing[0m
    effs:15  revisions:(640,useless=640)  values:78  removedByAC:15  unsat:false
    wck:0.018  cpu:1.294  mem:34M957

    run1  dpts:1..3  effs:72  fails:10  wrgs:18  wck:0.00  ngds:2
    run2  dpts:1..3  effs:140  fails:21  wrgs:39  wck:0.09  ngds:6
    run3  dpts:1..3  effs:208  fails:33  wrgs:59  wck:0.10  ngds:11
    run4  dpts:1..3  effs:302  fails:46  wrgs:85  wck:0.12  ngds:16
    run5  dpts:1..3  effs:405  fails:60  wrgs:113  wck:0.14  ngds:22
    run6  dpts:0..3  effs:522  fails:76  wrgs:145  wck:0.16  ngds:23
    run7  dpts:0..3  effs:647  fails:93  wrgs:178  wck:0.20  ngds:27
    run8  dpts:0..6  effs:801  fails:112  wrgs:208  wck:0.22  ngds:27
    run9  dpts:0..6  effs:990  fails:133  wrgs:245  wck:0.25  ngds:32
    run10  dpts:0..5  effs:1229  fails:153  wrgs:281  wck:0.26  ngds:32

  [94mglobal[0m
    effs:1229  revisions:(49298,useless=48908)  ngds:32
    stop:FULL_EXPLORATION  wrgs:281
    wck:1.59  cpu:1.373  mem:36M521

[92ms UNSATISFIABLE[0m
[92m
d WRONG DECISIONS[0m 281
[92md FOUND SOLUTIONS[0m 0
[92md COMPLETE EXPLORATION[0m

c real time : 1.376
