
[93mACE v2.3 [0m

  [94minstance[0m
    name:generateur

  Loading variables...

  Loading constraints...

  [94mdomains[0m
    types:3  values:120  sizes:[2:16,4:4,9:8]
  [94mvariables[0m
    count:28  arrays:3  degrees:[10:16,24:8,32:4]
  [94mconstraints[0m
    count:172  converted:128  specific:44  groups:2  arities:[1:32,3:128,4:8,8:4]
    distribution:[Exactly1:4,Extension1:32,ExtensionV-Matrix3D:128,SumSimpleEQ:8]
    extStructures:(28,shared:100)
    wck:1.78  cpu:2.244  mem:32M301

  Building solver... 

  [94msolver[0m
    guaranteedAC:true
    wck:1.91  cpu:2.281  mem:35M237

  [94mpreprocessing[0m
    effs:32  revisions:(640,useless=640)  values:88  removedByAC:32  unsat:false
    wck:0.027  cpu:2.293  mem:35M237

    run1  dpts:4..6  effs:88  fails:10  wrgs:18  wck:0.00  ngds:3
    run2  dpts:4..6  effs:151  fails:21  wrgs:38  wck:0.09  ngds:7
    run3  dpts:4..6  effs:232  fails:33  wrgs:62  wck:0.11  ngds:10
    run4  dpts:4..6  effs:319  fails:46  wrgs:88  wck:0.14  ngds:14
    run5  dpts:4..10  effs:416  fails:60  wrgs:109  wck:0.16  ngds:16
[92mv[0m <instantiation id='sol1' type='solution'> <list> cases_visibles[] x[][] r[] </list> <values> 1 -1 -1 2 0 -1 -1 7  0 0 0 1 1 0 0 0 0 1 0 0 0 0 1 0  0 270 0 0 </values> </instantiation>
    run6  dpts:3..27  effs:541  fails:76  wrgs:132  wck:0.19  ngds:20  sols:1
[92mv[0m <instantiation id='sol2' type='solution'> <list> cases_visibles[] x[][] r[] </list> <values> 1 -1 -1 2 0 -1 -1 7  0 0 0 1 1 0 0 0 0 1 0 0 0 0 1 0  0 270 0 180 </values> </instantiation>
    run7  dpts:-1..27  effs:564  fails:76  wrgs:132  wck:0.23  ngds:20  sols:2

  [94mglobal[0m
    effs:564  revisions:(16445,useless=16306)  ngds:20
    stop:REACHED_GOAL  wrgs:132  sols:2  sol1Cpu:2.357
    wck:2.16  cpu:2.372  mem:35M868


  Solution 2 in JSON format:
   {
    cases_visibles: [1, -1, -1, 2, 0, -1, -1, 7],
    x: [
     [0, 0, 0, 1],
     [1, 0, 0, 0],
     [0, 1, 0, 0],
     [0, 0, 1, 0]
    ],
    r: [0, 270, 0, 180]
   }

[92ms SATISFIABLE[0m
[92m
d WRONG DECISIONS[0m 132
[92md FOUND SOLUTIONS[0m 2
[91md INCOMPLETE EXPLORATION[0m

c real time : 2.384
