
[93mACE v2.3 [0m

  [94minstance[0m
    name:generateur

  Loading variables...

  Loading constraints...

  [94mdomains[0m
    types:3  values:120  sizes:[2:16,4:4,9:8]
  [94mvariables[0m
    count:28  arrays:3  degrees:[10:16,24:8,32:4]
  [94mconstraints[0m
    count:193  converted:128  specific:65  groups:1  arities:[1:56,3:128,4:8,8:1]
    distribution:[ExactlyK:1,Extension1:56,ExtensionV-Matrix3D:128,SumSimpleEQ:8]
    extStructures:(28,shared:100)
    wck:0.42  cpu:1.16  mem:33M45

  Building solver... 

  [94msolver[0m
    guaranteedAC:true
    wck:0.45  cpu:1.186  mem:35M674

  [94mpreprocessing[0m
    effs:56  revisions:(640,useless=640)  values:64  removedByAC:56  unsat:false
    wck:0.007  cpu:1.194  mem:35M674

    run1  dpts:2..7  effs:127  fails:10  wrgs:14  wck:0.00  ngds:1
    run2  dpts:0..0  effs:147  fails:13  wrgs:18  wck:0.02  ngds:1

  [94mglobal[0m
    effs:147  revisions:(2643,useless=2574)  ngds:1
    stop:FULL_EXPLORATION  wrgs:18
    wck:0.47  cpu:1.208  mem:36M303

[92ms UNSATISFIABLE[0m
[92m
d WRONG DECISIONS[0m 18
[92md FOUND SOLUTIONS[0m 0
[92md COMPLETE EXPLORATION[0m

c real time : 1.212
