
[93mACE v2.3 [0m

  [94minstance[0m
    name:generateur

  Loading variables...

  Loading constraints...

  [94mdomains[0m
    types:3  values:120  sizes:[2:16,4:4,9:8]
  [94mvariables[0m
    count:28  arrays:3  degrees:[10:16,24:8,32:4]
  [94mconstraints[0m
    count:179  converted:128  specific:51  groups:1  arities:[1:40,3:128,4:8,8:3]
    distribution:[Exactly1:2,ExactlyK:1,Extension1:40,ExtensionV-Matrix3D:128,SumSimpleEQ:8]
    extStructures:(28,shared:100)
    wck:0.52  cpu:1.184  mem:33M26

  Building solver... 

  [94msolver[0m
    guaranteedAC:true
    wck:0.54  cpu:1.206  mem:35M655

  [94mpreprocessing[0m
    effs:40  revisions:(640,useless=640)  values:80  removedByAC:40  unsat:false
    wck:0.005  cpu:1.212  mem:35M655

    run1  dpts:4..10  effs:104  fails:10  wrgs:19  wck:0.00  ngds:6
    run2  dpts:0..5  effs:202  fails:21  wrgs:36  wck:0.02  ngds:7
    run3  dpts:3..10  effs:318  fails:33  wrgs:55  wck:0.02  ngds:10
    run4  dpts:2..7  effs:484  fails:46  wrgs:77  wck:0.03  ngds:13
    run5  dpts:2..6  effs:555  fails:60  wrgs:95  wck:0.03  ngds:16
    run6  dpts:0..2  effs:727  fails:74  wrgs:117  wck:0.03  ngds:16

  [94mglobal[0m
    effs:727  revisions:(16452,useless=15999)  ngds:16
    stop:FULL_EXPLORATION  wrgs:117
    wck:0.58  cpu:1.244  mem:35M655

[92ms UNSATISFIABLE[0m
[92m
d WRONG DECISIONS[0m 117
[92md FOUND SOLUTIONS[0m 0
[92md COMPLETE EXPLORATION[0m

c real time : 1.247
