
[93mACE v2.3 [0m

  [94minstance[0m
    name:generateur

  Loading variables...

  Loading constraints...

  [94mdomains[0m
    types:3  values:120  sizes:[2:16,4:4,9:8]
  [94mvariables[0m
    count:28  arrays:3  degrees:[10:16,24:8,32:4]
  [94mconstraints[0m
    count:172  converted:128  specific:44  groups:2  arities:[1:32,3:128,4:8,8:4]
    distribution:[Exactly1:4,Extension1:32,ExtensionV-Matrix3D:128,SumSimpleEQ:8]
    extStructures:(28,shared:100)
    wck:0.28  cpu:0.888  mem:32M407

  Building solver... 

  [94msolver[0m
    guaranteedAC:true
    wck:0.30  cpu:0.906  mem:34M994

  [94mpreprocessing[0m
    effs:32  revisions:(640,useless=640)  values:88  removedByAC:32  unsat:false
    wck:0.005  cpu:0.912  mem:34M994

    run1  dpts:4..6  effs:88  fails:10  wrgs:18  wck:0.00  ngds:3
    run2  dpts:4..6  effs:151  fails:21  wrgs:38  wck:0.02  ngds:7
    run3  dpts:4..6  effs:232  fails:33  wrgs:62  wck:0.02  ngds:10
    run4  dpts:4..6  effs:319  fails:46  wrgs:88  wck:0.03  ngds:14
    run5  dpts:4..10  effs:416  fails:60  wrgs:109  wck:0.03  ngds:16
    run6  dpts:3..27  effs:532  fails:75  wrgs:131  wck:0.04  ngds:18  sols:1

  [94mglobal[0m
    effs:532  revisions:(15191,useless=15069)  ngds:18
    stop:REACHED_GOAL  wrgs:131  sols:1  sol1Cpu:0.946
    wck:0.34  cpu:0.947  mem:35M427


  Solution 1 in JSON format:
   {
    cases_visibles: [1, -1, -1, 2, 0, -1, -1, 7],
    x: [
     [0, 0, 0, 1],
     [1, 0, 0, 0],
     [0, 1, 0, 0],
     [0, 0, 1, 0]
    ],
    r: [0, 270, 0, 0]
   }

[92ms SATISFIABLE[0m
[92m
v[0m <instantiation id='sol1' type='solution'> <list> cases_visibles[] x[][] r[] </list> <values> 1 -1 -1 2 0 -1 -1 7   0x3 1 1 0x4 1 0x4 1 0   0 270 0 0 </values> </instantiation>
[92m
d WRONG DECISIONS[0m 131
[92md FOUND SOLUTIONS[0m 1
[91md INCOMPLETE EXPLORATION[0m

c real time : 0.955
