
[93mACE v2.3 [0m

  [94minstance[0m
    name:generateur

  Loading variables...

  Loading constraints...

  [94mdomains[0m
    types:3  values:120  sizes:[2:16,4:4,9:8]
  [94mvariables[0m
    count:28  arrays:3  degrees:[10:16,24:8,32:4]
  [94mconstraints[0m
    count:179  converted:128  specific:51  groups:2  arities:[1:40,3:128,4:8,8:3]
    distribution:[Exactly1:2,ExactlyK:1,Extension1:40,ExtensionV-Matrix3D:128,SumSimpleEQ:8]
    extStructures:(28,shared:100)
    wck:0.67  cpu:1.113  mem:32M211

  Building solver... 

  [94msolver[0m
    guaranteedAC:true
    wck:0.69  cpu:1.131  mem:34M798

  [94mpreprocessing[0m
    effs:40  revisions:(640,useless=640)  values:80  removedByAC:40  unsat:false
    wck:0.006  cpu:1.138  mem:34M798

    run1  dpts:4..6  effs:73  fails:10  wrgs:12  wck:0.00  ngds:3
    run2  dpts:4..6  effs:109  fails:21  wrgs:25  wck:0.03  ngds:7
    run3  dpts:4..6  effs:146  fails:33  wrgs:39  wck:0.03  ngds:12
    run4  dpts:4..6  effs:192  fails:46  wrgs:56  wck:0.04  ngds:16
    run5  dpts:4..6  effs:244  fails:60  wrgs:74  wck:0.04  ngds:20
    run6  dpts:4..9  effs:339  fails:76  wrgs:97  wck:0.04  ngds:27
    run7  dpts:3..7  effs:432  fails:93  wrgs:120  wck:0.05  ngds:30
    run8  dpts:0..9  effs:633  fails:112  wrgs:153  wck:0.06  ngds:34
    run9  dpts:4..10  effs:791  fails:133  wrgs:185  wck:0.07  ngds:38
    run10  dpts:2..8  effs:1012  fails:156  wrgs:220  wck:0.07  ngds:42
    run11  dpts:2..7  effs:1216  fails:181  wrgs:257  wck:0.08  ngds:46
    run12  dpts:0..6  effs:1583  fails:209  wrgs:302  wck:0.09  ngds:50
    run13  dpts:1..10  effs:1986  fails:240  wrgs:357  wck:0.10  ngds:54
    run14  dpts:0..6  effs:2543  fails:274  wrgs:417  wck:0.10  ngds:58
    run15  dpts:0..7  effs:3041  fails:310  wrgs:479  wck:0.11  ngds:58

  [94mglobal[0m
    effs:3041  revisions:(71592,useless=69857)  ngds:58
    stop:FULL_EXPLORATION  wrgs:479
    wck:0.81  cpu:1.238  mem:35M818

[92ms UNSATISFIABLE[0m
[92m
d WRONG DECISIONS[0m 479
[92md FOUND SOLUTIONS[0m 0
[92md COMPLETE EXPLORATION[0m

c real time : 1.241
